<?xml version="1.0" encoding="UTF-8"?>
<!-- Generated by org.testng.reporters.JUnitReportReporter -->
<testsuite hostname="TYSS-Apoorva" failures="0" tests="3" name="workingWithUnitTestingTool.WorkingWithChronologicalOrder" time="0.038" errors="0" timestamp="2024-03-19T10:54:04 IST" skipped="0">
  <testcase classname="workingWithUnitTestingTool.WorkingWithChronologicalOrder" name="pass" time="0.012"/>
  <system-out/>
  <testcase classname="workingWithUnitTestingTool.WorkingWithChronologicalOrder" name="run" time="0.011"/>
  <system-out/>
  <testcase classname="workingWithUnitTestingTool.WorkingWithChronologicalOrder" name="fail" time="0.015"/>
  <system-out/>
</testsuite> <!-- workingWithUnitTestingTool.WorkingWithChronologicalOrder -->
