<?xml version="1.0" encoding="UTF-8"?>
<!-- Generated by org.testng.reporters.JUnitReportReporter -->
<testsuite hostname="TYSS-Apoorva" failures="0" tests="2" name="workingWithUnitTestingTool.DataProvider1" time="0.028" errors="0" timestamp="2024-03-22T11:23:29 IST" skipped="0">
  <testcase classname="workingWithUnitTestingTool.DataProvider1" name="getDemo" time="0.026"/>
  <system-out/>
  <testcase classname="workingWithUnitTestingTool.DataProvider1" name="getDemo" time="0.002"/>
  <system-out/>
</testsuite> <!-- workingWithUnitTestingTool.DataProvider1 -->
