<?xml version="1.0" encoding="UTF-8"?>
<!-- Generated by org.testng.reporters.JUnitReportReporter -->
<testsuite hostname="TYSS-Apoorva" failures="0" tests="8" name="workingWithUnitTestingTool.WorkingWithPriority" time="0.089" errors="0" timestamp="2024-03-18T12:52:10 IST" skipped="1">
  <testcase classname="workingWithUnitTestingTool.WorkingWithPriority" name="closeBrowser" time="0.008"/>
  <system-out/>
  <testcase classname="workingWithUnitTestingTool.WorkingWithPriority" name="payment" time="0.003"/>
  <system-out/>
  <testcase classname="workingWithUnitTestingTool.WorkingWithPriority" name="cart" time="0.011"/>
  <system-out/>
  <testcase classname="workingWithUnitTestingTool.WorkingWithPriority" name="Cart" time="0.014"/>
  <system-out/>
  <testcase classname="workingWithUnitTestingTool.WorkingWithPriority" name="register" time="0.012"/>
  <system-out/>
  <testcase classname="workingWithUnitTestingTool.WorkingWithPriority" name="login" time="0.015"/>
  <system-out/>
  <testcase classname="workingWithUnitTestingTool.WorkingWithPriority" name="search" time="0.026"/>
  <system-out/>
  <testcase classname="workingWithUnitTestingTool.WorkingWithPriority" name="wishlist">
    <skipped/>
  </testcase> <!-- wishlist -->
  <system-out/>
</testsuite> <!-- workingWithUnitTestingTool.WorkingWithPriority -->
