<?xml version="1.0" encoding="UTF-8"?>
<!-- Generated by org.testng.reporters.JUnitReportReporter -->
<testsuite hostname="TYSS-Apoorva" failures="0" tests="1" name="testScript.To_launch_Flipcart" time="5.733" errors="0" timestamp="2024-03-20T11:13:00 IST" skipped="0">
  <testcase classname="testScript.To_launch_Flipcart" name="flipcart" time="5.733"/>
  <system-out/>
</testsuite> <!-- testScript.To_launch_Flipcart -->
