<?xml version="1.0" encoding="UTF-8"?>
<!-- Generated by org.testng.reporters.JUnitReportReporter -->
<testsuite hostname="TYSS-Apoorva" failures="0" tests="1" name="workingWithPom.Tc_Reg_001" time="18.097" errors="0" timestamp="2024-03-25T10:49:16 IST" skipped="0">
  <testcase classname="workingWithPom.Tc_Reg_001" name="register" time="18.097"/>
  <system-out/>
</testsuite> <!-- workingWithPom.Tc_Reg_001 -->
