<?xml version="1.0" encoding="UTF-8"?>
<!-- Generated by org.testng.reporters.JUnitReportReporter -->
<testsuite hostname="TYSS-Apoorva" failures="0" tests="1" name="workingWithUnitTestingTool.WorkingWithHardAssert" time="13.613" errors="0" timestamp="2024-03-21T10:36:05 IST" skipped="0">
  <testcase classname="workingWithUnitTestingTool.WorkingWithHardAssert" name="demoWebShop" time="13.613"/>
  <system-out>
User ia ble to maximize the browser  </system-out>
</testsuite> <!-- workingWithUnitTestingTool.WorkingWithHardAssert -->
