<?xml version="1.0" encoding="UTF-8"?>
<!-- Generated by org.testng.reporters.JUnitReportReporter -->
<testsuite hostname="TYSS-Apoorva" failures="0" tests="1" name="workingWithPom.P1" time="20.909" errors="0" timestamp="2024-03-25T11:16:56 IST" skipped="0">
  <testcase classname="workingWithPom.P1" name="run" time="20.909"/>
  <system-out/>
</testsuite> <!-- workingWithPom.P1 -->
