<?xml version="1.0" encoding="UTF-8"?>
<!-- Generated by org.testng.reporters.JUnitReportReporter -->
<testsuite hostname="TYSS-Apoorva" failures="0" tests="1" name="workingWithUnitTestingTool.WorkingWithSoftAssert" time="16.617" errors="0" timestamp="2024-03-21T10:39:07 IST" skipped="0">
  <testcase classname="workingWithUnitTestingTool.WorkingWithSoftAssert" name="demoWebShop" time="16.617"/>
  <system-out>
User ia ble to maximize the browser  </system-out>
</testsuite> <!-- workingWithUnitTestingTool.WorkingWithSoftAssert -->
