<?xml version="1.0" encoding="UTF-8"?>
<!-- Generated by org.testng.reporters.JUnitReportReporter -->
<testsuite hostname="TYSS-Apoorva" failures="0" tests="1" name="testScript.To_launch_Poco" time="5.889" errors="0" timestamp="2024-03-20T11:11:17 IST" skipped="0">
  <testcase classname="testScript.To_launch_Poco" name="poco" time="5.889"/>
  <system-out/>
</testsuite> <!-- testScript.To_launch_Poco -->
