<?xml version="1.0" encoding="UTF-8"?>
<!-- Generated by org.testng.reporters.JUnitReportReporter -->
<testsuite hostname="TYSS-Apoorva" failures="0" tests="1" name="workingWithUnitTestingTool.ToReadMultipleSetOfData" time="0.000" errors="0" timestamp="2024-03-22T12:28:05 IST" skipped="1">
  <testcase classname="workingWithUnitTestingTool.ToReadMultipleSetOfData" name="registerUser" time="0.000">
    <skipped/>
  </testcase> <!-- registerUser -->
  <system-out/>
</testsuite> <!-- workingWithUnitTestingTool.ToReadMultipleSetOfData -->
