<?xml version="1.0" encoding="UTF-8"?>
<!-- Generated by org.testng.reporters.JUnitReportReporter -->
<testsuite hostname="TYSS-Apoorva" failures="0" tests="2" name="testNgProject.Tc_Demowebshop_001" time="20.536" errors="0" timestamp="2024-03-19T12:17:24 IST" skipped="0">
  <testcase classname="testNgProject.Tc_Demowebshop_001" name="run" time="9.712"/>
  <system-out/>
  <testcase classname="testNgProject.Tc_Demowebshop_001" name="validate_That_User_Is_able_to_search_product" time="10.824"/>
  <system-out/>
</testsuite> <!-- testNgProject.Tc_Demowebshop_001 -->
