<?xml version="1.0" encoding="UTF-8"?>
<!-- Generated by org.testng.reporters.JUnitReportReporter -->
<testsuite hostname="TYSS-Apoorva" failures="0" tests="1" name="genricLib.ToReadDataFromPropFile" time="8.136" errors="0" timestamp="2024-03-29T10:39:24 IST" skipped="0">
  <testcase classname="genricLib.ToReadDataFromPropFile" name="openBrowser" time="8.136"/>
  <system-out/>
</testsuite> <!-- genricLib.ToReadDataFromPropFile -->
