<?xml version="1.0" encoding="UTF-8"?>
<!-- Generated by org.testng.reporters.JUnitReportReporter -->
<testsuite hostname="TYSS-Apoorva" failures="0" tests="1" name="workingWithUnitTestingTool.WorkingWithCrossBrowserTesting" time="7.402" errors="0" timestamp="2024-03-20T12:16:01 IST" skipped="0">
  <testcase classname="workingWithUnitTestingTool.WorkingWithCrossBrowserTesting" name="browserTesting" time="7.402"/>
  <system-out/>
</testsuite> <!-- workingWithUnitTestingTool.WorkingWithCrossBrowserTesting -->
