<?xml version="1.0" encoding="UTF-8"?>
<!-- Generated by org.testng.reporters.JUnitReportReporter -->
<testsuite hostname="TYSS-Apoorva" failures="0" tests="6" name="workingWithUnitTestingTool.WorkingWithDependsOnMethods" time="0.070" errors="0" timestamp="2024-03-19T10:30:48 IST" skipped="0">
  <testcase classname="workingWithUnitTestingTool.WorkingWithDependsOnMethods" name="cart" time="0.012"/>
  <system-out/>
  <testcase classname="workingWithUnitTestingTool.WorkingWithDependsOnMethods" name="register" time="0.012"/>
  <system-out/>
  <testcase classname="workingWithUnitTestingTool.WorkingWithDependsOnMethods" name="login" time="0.008"/>
  <system-out/>
  <testcase classname="workingWithUnitTestingTool.WorkingWithDependsOnMethods" name="search" time="0.019"/>
  <system-out/>
  <testcase classname="workingWithUnitTestingTool.WorkingWithDependsOnMethods" name="payment" time="0.017"/>
  <system-out/>
  <testcase classname="workingWithUnitTestingTool.WorkingWithDependsOnMethods" name="logout" time="0.002"/>
  <system-out/>
</testsuite> <!-- workingWithUnitTestingTool.WorkingWithDependsOnMethods -->
