<?xml version="1.0" encoding="UTF-8"?>
<!-- Generated by org.testng.reporters.JUnitReportReporter -->
<testsuite hostname="TYSS-Apoorva" failures="0" tests="5" name="workingWithUnitTestingTool.WorkingWithInvocationCount" time="91.455" errors="0" timestamp="2024-03-19T10:06:44 IST" skipped="0">
  <testcase classname="workingWithUnitTestingTool.WorkingWithInvocationCount" name="bmw" time="9.240"/>
  <system-out/>
  <testcase classname="workingWithUnitTestingTool.WorkingWithInvocationCount" name="bmw" time="29.580"/>
  <system-out/>
  <testcase classname="workingWithUnitTestingTool.WorkingWithInvocationCount" name="bmw" time="21.336"/>
  <system-out/>
  <testcase classname="workingWithUnitTestingTool.WorkingWithInvocationCount" name="bmw" time="8.712"/>
  <system-out/>
  <testcase classname="workingWithUnitTestingTool.WorkingWithInvocationCount" name="bmw" time="22.587"/>
  <system-out/>
</testsuite> <!-- workingWithUnitTestingTool.WorkingWithInvocationCount -->
