<?xml version="1.0" encoding="UTF-8"?>
<!-- Generated by org.testng.reporters.JUnitReportReporter -->
<testsuite hostname="TYSS-Apoorva" failures="0" tests="1" name="testScript.To_Iaunch_Lorealparis" time="4.997" errors="0" timestamp="2024-03-20T11:13:00 IST" skipped="0">
  <testcase classname="testScript.To_Iaunch_Lorealparis" name="lorealparis" time="4.997"/>
  <system-out/>
</testsuite> <!-- testScript.To_Iaunch_Lorealparis -->
